<?xml version="1.0" encoding="UTF-8"?>
<testng-results retried="1" ignored="1" total="7" passed="4" failed="1" skipped="0">
  <reporter-output>
  </reporter-output>
  <suite started-at="2024-08-10T11:03:13 IST" name="Suite" finished-at="2024-08-10T11:03:35 IST" duration-ms="22867">
    <groups>
      <group name="ErrorHandling">
        <method signature="ErrorValidation.loginErrorValidation()[pri:0, instance:UmaSangada.Tests.ErrorValidation@97e93f1]" name="loginErrorValidation" class="UmaSangada.Tests.ErrorValidation"/>
      </group> <!-- ErrorHandling -->
      <group name="purchase">
        <method signature="ModifiedE2e.submitorder(java.util.HashMap)[pri:0, instance:UmaSangada.Tests.ModifiedE2e@5ddeb7cb]" name="submitorder" class="UmaSangada.Tests.ModifiedE2e"/>
      </group> <!-- purchase -->
    </groups>
    <test started-at="2024-08-10T11:03:13 IST" name="error validation" finished-at="2024-08-10T11:03:23 IST" duration-ms="10155">
      <class name="UmaSangada.Tests.ErrorValidation">
        <test-method is-config="true" signature="LaunchApplication()[pri:0, instance:UmaSangada.Tests.ErrorValidation@97e93f1]" started-at="2024-08-10T11:03:13 IST" name="LaunchApplication" finished-at="2024-08-10T11:03:17 IST" duration-ms="4427" status="PASS">
          <reporter-output>
          </reporter-output>
        </test-method> <!-- LaunchApplication -->
        <test-method retried="true" signature="loginErrorValidation()[pri:0, instance:UmaSangada.Tests.ErrorValidation@97e93f1]" started-at="2024-08-10T11:03:17 IST" name="loginErrorValidation" finished-at="2024-08-10T11:03:18 IST" duration-ms="863" status="SKIP">
          <exception class="java.lang.AssertionError">
            <message>
              <![CDATA[expected [Incorrect email or password.] but found [Incorrect email o password.]]]>
            </message>
            <full-stacktrace>
              <![CDATA[java.lang.AssertionError: expected [Incorrect email or password.] but found [Incorrect email o password.]
at org.testng.Assert.fail(Assert.java:111)
at org.testng.Assert.failNotEquals(Assert.java:1578)
at org.testng.Assert.assertEqualsImpl(Assert.java:150)
at org.testng.Assert.assertEquals(Assert.java:132)
at org.testng.Assert.assertEquals(Assert.java:656)
at org.testng.Assert.assertEquals(Assert.java:666)
at UmaSangada.Tests.ErrorValidation.loginErrorValidation(ErrorValidation.java:19)
at java.base/jdk.internal.reflect.DirectMethodHandleAccessor.invoke(DirectMethodHandleAccessor.java:103)
at java.base/java.lang.reflect.Method.invoke(Method.java:580)
at org.testng.internal.invokers.MethodInvocationHelper.invokeMethod(MethodInvocationHelper.java:139)
at org.testng.internal.invokers.TestInvoker.invokeMethod(TestInvoker.java:664)
at org.testng.internal.invokers.TestInvoker.invokeTestMethod(TestInvoker.java:228)
at org.testng.internal.invokers.MethodRunner.runInSequence(MethodRunner.java:63)
at org.testng.internal.invokers.TestInvoker$MethodInvocationAgent.invoke(TestInvoker.java:961)
at org.testng.internal.invokers.TestInvoker.invokeTestMethods(TestInvoker.java:201)
at org.testng.internal.invokers.TestMethodWorker.invokeTestMethods(TestMethodWorker.java:148)
at org.testng.internal.invokers.TestMethodWorker.run(TestMethodWorker.java:128)
at java.base/java.util.ArrayList.forEach(ArrayList.java:1596)
at org.testng.TestRunner.privateRun(TestRunner.java:819)
at org.testng.TestRunner.run(TestRunner.java:619)
at org.testng.SuiteRunner.runTest(SuiteRunner.java:443)
at org.testng.SuiteRunner$SuiteWorker.run(SuiteRunner.java:481)
at org.testng.internal.thread.ThreadUtil.lambda$execute$0(ThreadUtil.java:58)
at java.base/java.util.concurrent.FutureTask.run(FutureTask.java:317)
at java.base/java.util.concurrent.ThreadPoolExecutor.runWorker(ThreadPoolExecutor.java:1144)
at java.base/java.util.concurrent.ThreadPoolExecutor$Worker.run(ThreadPoolExecutor.java:642)
at java.base/java.lang.Thread.run(Thread.java:1583)
]]>
            </full-stacktrace>
          </exception> <!-- java.lang.AssertionError -->
          <reporter-output>
          </reporter-output>
        </test-method> <!-- loginErrorValidation -->
        <test-method is-config="true" signature="closebrowse()[pri:0, instance:UmaSangada.Tests.ErrorValidation@97e93f1]" started-at="2024-08-10T11:03:18 IST" name="closebrowse" finished-at="2024-08-10T11:03:18 IST" duration-ms="171" status="PASS">
          <reporter-output>
          </reporter-output>
        </test-method> <!-- closebrowse -->
        <test-method is-config="true" signature="LaunchApplication()[pri:0, instance:UmaSangada.Tests.ErrorValidation@97e93f1]" started-at="2024-08-10T11:03:18 IST" name="LaunchApplication" finished-at="2024-08-10T11:03:21 IST" duration-ms="2972" status="PASS">
          <reporter-output>
          </reporter-output>
        </test-method> <!-- LaunchApplication -->
        <test-method signature="loginErrorValidation()[pri:0, instance:UmaSangada.Tests.ErrorValidation@97e93f1]" started-at="2024-08-10T11:03:21 IST" name="loginErrorValidation" finished-at="2024-08-10T11:03:22 IST" duration-ms="881" status="FAIL">
          <exception class="java.lang.AssertionError">
            <message>
              <![CDATA[expected [Incorrect email or password.] but found [Incorrect email o password.]]]>
            </message>
            <full-stacktrace>
              <![CDATA[java.lang.AssertionError: expected [Incorrect email or password.] but found [Incorrect email o password.]
at org.testng.Assert.fail(Assert.java:111)
at org.testng.Assert.failNotEquals(Assert.java:1578)
at org.testng.Assert.assertEqualsImpl(Assert.java:150)
at org.testng.Assert.assertEquals(Assert.java:132)
at org.testng.Assert.assertEquals(Assert.java:656)
at org.testng.Assert.assertEquals(Assert.java:666)
at UmaSangada.Tests.ErrorValidation.loginErrorValidation(ErrorValidation.java:19)
at java.base/jdk.internal.reflect.DirectMethodHandleAccessor.invoke(DirectMethodHandleAccessor.java:103)
at java.base/java.lang.reflect.Method.invoke(Method.java:580)
at org.testng.internal.invokers.MethodInvocationHelper.invokeMethod(MethodInvocationHelper.java:139)
at org.testng.internal.invokers.TestInvoker.invokeMethod(TestInvoker.java:664)
at org.testng.internal.invokers.TestInvoker.retryFailed(TestInvoker.java:249)
at org.testng.internal.invokers.MethodRunner.runInSequence(MethodRunner.java:76)
at org.testng.internal.invokers.TestInvoker$MethodInvocationAgent.invoke(TestInvoker.java:961)
at org.testng.internal.invokers.TestInvoker.invokeTestMethods(TestInvoker.java:201)
at org.testng.internal.invokers.TestMethodWorker.invokeTestMethods(TestMethodWorker.java:148)
at org.testng.internal.invokers.TestMethodWorker.run(TestMethodWorker.java:128)
at java.base/java.util.ArrayList.forEach(ArrayList.java:1596)
at org.testng.TestRunner.privateRun(TestRunner.java:819)
at org.testng.TestRunner.run(TestRunner.java:619)
at org.testng.SuiteRunner.runTest(SuiteRunner.java:443)
at org.testng.SuiteRunner$SuiteWorker.run(SuiteRunner.java:481)
at org.testng.internal.thread.ThreadUtil.lambda$execute$0(ThreadUtil.java:58)
at java.base/java.util.concurrent.FutureTask.run(FutureTask.java:317)
at java.base/java.util.concurrent.ThreadPoolExecutor.runWorker(ThreadPoolExecutor.java:1144)
at java.base/java.util.concurrent.ThreadPoolExecutor$Worker.run(ThreadPoolExecutor.java:642)
at java.base/java.lang.Thread.run(Thread.java:1583)
]]>
            </full-stacktrace>
          </exception> <!-- java.lang.AssertionError -->
          <reporter-output>
          </reporter-output>
        </test-method> <!-- loginErrorValidation -->
        <test-method is-config="true" signature="closebrowse()[pri:0, instance:UmaSangada.Tests.ErrorValidation@97e93f1]" started-at="2024-08-10T11:03:23 IST" name="closebrowse" finished-at="2024-08-10T11:03:23 IST" duration-ms="137" status="PASS">
          <reporter-output>
          </reporter-output>
        </test-method> <!-- closebrowse -->
      </class> <!-- UmaSangada.Tests.ErrorValidation -->
    </test> <!-- error validation -->
    <test started-at="2024-08-10T11:03:13 IST" name="complete e2e tes" finished-at="2024-08-10T11:03:35 IST" duration-ms="22867">
      <class name="UmaSangada.Tests.ModifiedE2e">
        <test-method is-config="true" signature="LaunchApplication()[pri:0, instance:UmaSangada.Tests.ModifiedE2e@5ddeb7cb]" started-at="2024-08-10T11:03:13 IST" name="LaunchApplication" finished-at="2024-08-10T11:03:17 IST" duration-ms="4110" status="PASS">
          <reporter-output>
          </reporter-output>
        </test-method> <!-- LaunchApplication -->
        <test-method signature="submitorder(java.util.HashMap)[pri:0, instance:UmaSangada.Tests.ModifiedE2e@5ddeb7cb]" started-at="2024-08-10T11:03:17 IST" name="submitorder" data-provider="getdata" finished-at="2024-08-10T11:03:21 IST" duration-ms="3925" status="PASS">
          <params>
            <param index="0">
              <value>
                <![CDATA[{mail=umasangada98@gmail.com, password=T@bby23519, product=ZARA COAT 3}]]>
              </value>
            </param>
          </params>
          <reporter-output>
          </reporter-output>
        </test-method> <!-- submitorder -->
        <test-method is-config="true" signature="closebrowse()[pri:0, instance:UmaSangada.Tests.ModifiedE2e@5ddeb7cb]" started-at="2024-08-10T11:03:21 IST" name="closebrowse" finished-at="2024-08-10T11:03:21 IST" duration-ms="147" status="PASS">
          <reporter-output>
          </reporter-output>
        </test-method> <!-- closebrowse -->
        <test-method is-config="true" signature="LaunchApplication()[pri:0, instance:UmaSangada.Tests.ModifiedE2e@5ddeb7cb]" started-at="2024-08-10T11:03:21 IST" name="LaunchApplication" finished-at="2024-08-10T11:03:25 IST" duration-ms="3239" status="PASS">
          <reporter-output>
          </reporter-output>
        </test-method> <!-- LaunchApplication -->
        <test-method signature="submitorder(java.util.HashMap)[pri:0, instance:UmaSangada.Tests.ModifiedE2e@5ddeb7cb]" started-at="2024-08-10T11:03:25 IST" name="submitorder" data-provider="getdata" finished-at="2024-08-10T11:03:28 IST" duration-ms="3599" status="PASS">
          <params>
            <param index="0">
              <value>
                <![CDATA[{mail=umasangada98@gmail.com, password=T@bby23519, product=ADIDAS ORIGINAL}]]>
              </value>
            </param>
          </params>
          <reporter-output>
          </reporter-output>
        </test-method> <!-- submitorder -->
        <test-method is-config="true" signature="closebrowse()[pri:0, instance:UmaSangada.Tests.ModifiedE2e@5ddeb7cb]" started-at="2024-08-10T11:03:29 IST" name="closebrowse" finished-at="2024-08-10T11:03:29 IST" duration-ms="212" status="PASS">
          <reporter-output>
          </reporter-output>
        </test-method> <!-- closebrowse -->
        <test-method is-config="true" signature="LaunchApplication()[pri:0, instance:UmaSangada.Tests.ModifiedE2e@5ddeb7cb]" started-at="2024-08-10T11:03:29 IST" name="LaunchApplication" finished-at="2024-08-10T11:03:31 IST" duration-ms="2431" status="PASS">
          <reporter-output>
          </reporter-output>
        </test-method> <!-- LaunchApplication -->
        <test-method signature="orderhistory(java.util.HashMap)[pri:0, instance:UmaSangada.Tests.ModifiedE2e@5ddeb7cb]" started-at="2024-08-10T11:03:31 IST" name="orderhistory" data-provider="getdata" finished-at="2024-08-10T11:03:32 IST" depends-on-methods="UmaSangada.Tests.ModifiedE2e.submitorder" duration-ms="905" status="PASS">
          <params>
            <param index="0">
              <value>
                <![CDATA[{mail=umasangada98@gmail.com, password=T@bby23519, product=ZARA COAT 3}]]>
              </value>
            </param>
          </params>
          <reporter-output>
          </reporter-output>
        </test-method> <!-- orderhistory -->
        <test-method is-config="true" signature="closebrowse()[pri:0, instance:UmaSangada.Tests.ModifiedE2e@5ddeb7cb]" started-at="2024-08-10T11:03:32 IST" name="closebrowse" finished-at="2024-08-10T11:03:32 IST" duration-ms="134" status="PASS">
          <reporter-output>
          </reporter-output>
        </test-method> <!-- closebrowse -->
        <test-method is-config="true" signature="LaunchApplication()[pri:0, instance:UmaSangada.Tests.ModifiedE2e@5ddeb7cb]" started-at="2024-08-10T11:03:32 IST" name="LaunchApplication" finished-at="2024-08-10T11:03:34 IST" duration-ms="1722" status="PASS">
          <reporter-output>
          </reporter-output>
        </test-method> <!-- LaunchApplication -->
        <test-method signature="orderhistory(java.util.HashMap)[pri:0, instance:UmaSangada.Tests.ModifiedE2e@5ddeb7cb]" started-at="2024-08-10T11:03:34 IST" name="orderhistory" data-provider="getdata" finished-at="2024-08-10T11:03:35 IST" depends-on-methods="UmaSangada.Tests.ModifiedE2e.submitorder" duration-ms="869" status="PASS">
          <params>
            <param index="0">
              <value>
                <![CDATA[{mail=umasangada98@gmail.com, password=T@bby23519, product=ADIDAS ORIGINAL}]]>
              </value>
            </param>
          </params>
          <reporter-output>
          </reporter-output>
        </test-method> <!-- orderhistory -->
        <test-method is-config="true" signature="closebrowse()[pri:0, instance:UmaSangada.Tests.ModifiedE2e@5ddeb7cb]" started-at="2024-08-10T11:03:35 IST" name="closebrowse" finished-at="2024-08-10T11:03:35 IST" duration-ms="147" status="PASS">
          <reporter-output>
          </reporter-output>
        </test-method> <!-- closebrowse -->
      </class> <!-- UmaSangada.Tests.ModifiedE2e -->
    </test> <!-- complete e2e tes -->
  </suite> <!-- Suite -->
</testng-results>
